e:\files\grade 12\compsci\cpt\banshee\banshee\debug\banshee.res
e:\files\grade 12\compsci\cpt\banshee\debug\banshee.ilk
e:\files\grade 12\compsci\cpt\banshee\debug\banshee.exe
e:\files\grade 12\compsci\cpt\banshee\debug\banshee.pdb
e:\files\grade 12\compsci\cpt\banshee\banshee\debug\banshee.pch
e:\files\grade 12\compsci\cpt\banshee\banshee\debug\vc140.pdb
e:\files\grade 12\compsci\cpt\banshee\banshee\debug\vc140.idb
e:\files\grade 12\compsci\cpt\banshee\banshee\debug\stdafx.obj
e:\files\grade 12\compsci\cpt\banshee\banshee\debug\audioengine.obj
e:\files\grade 12\compsci\cpt\banshee\banshee\debug\beatdetector.obj
e:\files\grade 12\compsci\cpt\banshee\banshee\debug\coordinates.obj
e:\files\grade 12\compsci\cpt\banshee\banshee\debug\gameengine.obj
e:\files\grade 12\compsci\cpt\banshee\banshee\debug\hitcircles.obj
e:\files\grade 12\compsci\cpt\banshee\banshee\debug\minibpm.obj
e:\files\grade 12\compsci\cpt\banshee\banshee\debug\songdata.obj
e:\files\grade 12\compsci\cpt\banshee\banshee\debug\timestamp.obj
e:\files\grade 12\compsci\cpt\banshee\banshee\debug\window.obj
e:\files\grade 12\compsci\cpt\banshee\banshee\debug\main.obj
e:\files\grade 12\compsci\cpt\banshee\banshee\debug\vc141.idb
e:\files\grade 12\compsci\cpt\banshee\banshee\debug\vc141.pdb
e:\files\grade 12\compsci\cpt\banshee\banshee\debug\banshee.tlog\cl.command.1.tlog
e:\files\grade 12\compsci\cpt\banshee\banshee\debug\banshee.tlog\rc.command.1.tlog
e:\files\grade 12\compsci\cpt\banshee\banshee\debug\banshee.tlog\link.command.1.tlog
e:\files\grade 12\compsci\cpt\banshee\banshee\debug\banshee.tlog\link.delete.1.tlog
e:\files\grade 12\compsci\cpt\banshee\banshee\debug\banshee.tlog\cl.read.1.tlog
e:\files\grade 12\compsci\cpt\banshee\banshee\debug\banshee.tlog\rc.read.1.tlog
e:\files\grade 12\compsci\cpt\banshee\banshee\debug\banshee.tlog\link.read.1.tlog
e:\files\grade 12\compsci\cpt\banshee\banshee\debug\banshee.tlog\rc.write.1.tlog
e:\files\grade 12\compsci\cpt\banshee\banshee\debug\banshee.tlog\link.write.1.tlog
e:\files\grade 12\compsci\cpt\banshee\banshee\debug\banshee.tlog\cl.write.1.tlog
